2014/07/29 15:31:11 [error] [exception.CHttpException.404] exception 'CHttpException' with message 'Unable to resolve the request "pop?\".' in /home/myapp/framework/web/CWebApplication.php:286
Stack trace:
#0 /home/myapp/framework/web/CWebApplication.php(141): CWebApplication->runController('pop?\')
#1 /home/myapp/framework/base/CApplication.php(180): CWebApplication->processRequest()
#2 /home/myapp/piebridge/index.php(26): CApplication->run()
#3 {main}
REQUEST_URI=/?r=pop?\
---
2014/07/29 15:31:14 [error] [exception.CHttpException.404] exception 'CHttpException' with message 'Unable to resolve the request "pop?".' in /home/myapp/framework/web/CWebApplication.php:286
Stack trace:
#0 /home/myapp/framework/web/CWebApplication.php(141): CWebApplication->runController('pop?')
#1 /home/myapp/framework/base/CApplication.php(180): CWebApplication->processRequest()
#2 /home/myapp/piebridge/index.php(26): CApplication->run()
#3 {main}
REQUEST_URI=/?r=pop?
---
2014/07/29 15:35:43 [error] [exception.CHttpException.404] exception 'CHttpException' with message 'Unable to resolve the request "pop?".' in /home/myapp/framework/web/CWebApplication.php:286
Stack trace:
#0 /home/myapp/framework/web/CWebApplication.php(141): CWebApplication->runController('pop?')
#1 /home/myapp/framework/base/CApplication.php(180): CWebApplication->processRequest()
#2 /home/myapp/piebridge/index.php(26): CApplication->run()
#3 {main}
REQUEST_URI=/?r=pop?
---
2014/07/29 16:08:19 [error] [exception.CHttpException.404] exception 'CHttpException' with message 'Unable to resolve the request "pop?".' in /home/myapp/framework/web/CWebApplication.php:286
Stack trace:
#0 /home/myapp/framework/web/CWebApplication.php(141): CWebApplication->runController('pop?')
#1 /home/myapp/framework/base/CApplication.php(180): CWebApplication->processRequest()
#2 /home/myapp/piebridge/index.php(40): CApplication->run()
#3 {main}
REQUEST_URI=/?r=pop?
---
2014/07/29 16:52:03 [error] [exception.CHttpException.404] exception 'CHttpException' with message 'Unable to resolve the request "pop?".' in /home/myapp/framework/web/CWebApplication.php:286
Stack trace:
#0 /home/myapp/framework/web/CWebApplication.php(141): CWebApplication->runController('pop?')
#1 /home/myapp/framework/base/CApplication.php(180): CWebApplication->processRequest()
#2 /home/myapp/piebridge/index.php(40): CApplication->run()
#3 {main}
REQUEST_URI=/?r=pop?
---
2014/07/29 16:52:03 [error] [exception.CHttpException.404] exception 'CHttpException' with message 'Unable to resolve the request "pop?".' in /home/myapp/framework/web/CWebApplication.php:286
Stack trace:
#0 /home/myapp/framework/web/CWebApplication.php(141): CWebApplication->runController('pop?')
#1 /home/myapp/framework/base/CApplication.php(180): CWebApplication->processRequest()
#2 /home/myapp/piebridge/index.php(40): CApplication->run()
#3 {main}
REQUEST_URI=/?r=pop?
---
2014/07/29 16:52:04 [error] [exception.CHttpException.404] exception 'CHttpException' with message 'Unable to resolve the request "pop?".' in /home/myapp/framework/web/CWebApplication.php:286
Stack trace:
#0 /home/myapp/framework/web/CWebApplication.php(141): CWebApplication->runController('pop?')
#1 /home/myapp/framework/base/CApplication.php(180): CWebApplication->processRequest()
#2 /home/myapp/piebridge/index.php(40): CApplication->run()
#3 {main}
REQUEST_URI=/?r=pop?
---
2014/07/29 20:02:29 [error] [exception.CException] exception 'CException' with message 'DefaultController contains improperly nested widget tags in its view "/home/myapp/piebridge/protected/views//layouts/column1.php". A CContentDecorator widget does not have an endWidget() call.' in /home/myapp/framework/web/CBaseController.php:101
Stack trace:
#0 /home/myapp/framework/web/CController.php(784): CBaseController->renderFile('/home/myapp/pie...', Array, true)
#1 /home/myapp/piebridge/protected/modules/pop/controllers/DefaultController.php(11): CController->render('index', Array)
#2 /home/myapp/framework/web/actions/CInlineAction.php(49): DefaultController->actionIndex()
#3 /home/myapp/framework/web/CController.php(308): CInlineAction->runWithParams(Array)
#4 /home/myapp/framework/web/CController.php(286): CController->runAction(Object(CInlineAction))
#5 /home/myapp/framework/web/CController.php(265): CController->runActionWithFilters(Object(CInlineAction), Array)
#6 /home/myapp/framework/web/CWebApplication.php(282): CController->run('')
#7 /home/myapp/framework/web/CWebApplication.php(141): CWebApplication->runController('pop')
#8 /home/myapp/framework/base/CApplication.php(180): CWebApplication->processRequest()
#9 /home/myapp/piebridge/index.php(40): CApplication->run()
#10 {main}
REQUEST_URI=/?r=pop
---
2014/07/29 20:02:30 [error] [exception.CException] exception 'CException' with message 'DefaultController contains improperly nested widget tags in its view "/home/myapp/piebridge/protected/views//layouts/column1.php". A CContentDecorator widget does not have an endWidget() call.' in /home/myapp/framework/web/CBaseController.php:101
Stack trace:
#0 /home/myapp/framework/web/CController.php(784): CBaseController->renderFile('/home/myapp/pie...', Array, true)
#1 /home/myapp/piebridge/protected/modules/pop/controllers/DefaultController.php(11): CController->render('index', Array)
#2 /home/myapp/framework/web/actions/CInlineAction.php(49): DefaultController->actionIndex()
#3 /home/myapp/framework/web/CController.php(308): CInlineAction->runWithParams(Array)
#4 /home/myapp/framework/web/CController.php(286): CController->runAction(Object(CInlineAction))
#5 /home/myapp/framework/web/CController.php(265): CController->runActionWithFilters(Object(CInlineAction), Array)
#6 /home/myapp/framework/web/CWebApplication.php(282): CController->run('')
#7 /home/myapp/framework/web/CWebApplication.php(141): CWebApplication->runController('pop')
#8 /home/myapp/framework/base/CApplication.php(180): CWebApplication->processRequest()
#9 /home/myapp/piebridge/index.php(40): CApplication->run()
#10 {main}
REQUEST_URI=/?r=pop
---
2014/07/29 20:02:31 [error] [exception.CException] exception 'CException' with message 'DefaultController contains improperly nested widget tags in its view "/home/myapp/piebridge/protected/views//layouts/column1.php". A CContentDecorator widget does not have an endWidget() call.' in /home/myapp/framework/web/CBaseController.php:101
Stack trace:
#0 /home/myapp/framework/web/CController.php(784): CBaseController->renderFile('/home/myapp/pie...', Array, true)
#1 /home/myapp/piebridge/protected/modules/pop/controllers/DefaultController.php(11): CController->render('index', Array)
#2 /home/myapp/framework/web/actions/CInlineAction.php(49): DefaultController->actionIndex()
#3 /home/myapp/framework/web/CController.php(308): CInlineAction->runWithParams(Array)
#4 /home/myapp/framework/web/CController.php(286): CController->runAction(Object(CInlineAction))
#5 /home/myapp/framework/web/CController.php(265): CController->runActionWithFilters(Object(CInlineAction), Array)
#6 /home/myapp/framework/web/CWebApplication.php(282): CController->run('')
#7 /home/myapp/framework/web/CWebApplication.php(141): CWebApplication->runController('pop')
#8 /home/myapp/framework/base/CApplication.php(180): CWebApplication->processRequest()
#9 /home/myapp/piebridge/index.php(40): CApplication->run()
#10 {main}
REQUEST_URI=/?r=pop
---
2014/07/29 20:02:31 [error] [exception.CException] exception 'CException' with message 'DefaultController contains improperly nested widget tags in its view "/home/myapp/piebridge/protected/views//layouts/column1.php". A CContentDecorator widget does not have an endWidget() call.' in /home/myapp/framework/web/CBaseController.php:101
Stack trace:
#0 /home/myapp/framework/web/CController.php(784): CBaseController->renderFile('/home/myapp/pie...', Array, true)
#1 /home/myapp/piebridge/protected/modules/pop/controllers/DefaultController.php(11): CController->render('index', Array)
#2 /home/myapp/framework/web/actions/CInlineAction.php(49): DefaultController->actionIndex()
#3 /home/myapp/framework/web/CController.php(308): CInlineAction->runWithParams(Array)
#4 /home/myapp/framework/web/CController.php(286): CController->runAction(Object(CInlineAction))
#5 /home/myapp/framework/web/CController.php(265): CController->runActionWithFilters(Object(CInlineAction), Array)
#6 /home/myapp/framework/web/CWebApplication.php(282): CController->run('')
#7 /home/myapp/framework/web/CWebApplication.php(141): CWebApplication->runController('pop')
#8 /home/myapp/framework/base/CApplication.php(180): CWebApplication->processRequest()
#9 /home/myapp/piebridge/index.php(40): CApplication->run()
#10 {main}
REQUEST_URI=/?r=pop
---
2014/07/29 20:02:31 [error] [exception.CException] exception 'CException' with message 'DefaultController contains improperly nested widget tags in its view "/home/myapp/piebridge/protected/views//layouts/column1.php". A CContentDecorator widget does not have an endWidget() call.' in /home/myapp/framework/web/CBaseController.php:101
Stack trace:
#0 /home/myapp/framework/web/CController.php(784): CBaseController->renderFile('/home/myapp/pie...', Array, true)
#1 /home/myapp/piebridge/protected/modules/pop/controllers/DefaultController.php(11): CController->render('index', Array)
#2 /home/myapp/framework/web/actions/CInlineAction.php(49): DefaultController->actionIndex()
#3 /home/myapp/framework/web/CController.php(308): CInlineAction->runWithParams(Array)
#4 /home/myapp/framework/web/CController.php(286): CController->runAction(Object(CInlineAction))
#5 /home/myapp/framework/web/CController.php(265): CController->runActionWithFilters(Object(CInlineAction), Array)
#6 /home/myapp/framework/web/CWebApplication.php(282): CController->run('')
#7 /home/myapp/framework/web/CWebApplication.php(141): CWebApplication->runController('pop')
#8 /home/myapp/framework/base/CApplication.php(180): CWebApplication->processRequest()
#9 /home/myapp/piebridge/index.php(40): CApplication->run()
#10 {main}
REQUEST_URI=/?r=pop
---
2014/07/29 20:02:32 [error] [exception.CException] exception 'CException' with message 'DefaultController contains improperly nested widget tags in its view "/home/myapp/piebridge/protected/views//layouts/column1.php". A CContentDecorator widget does not have an endWidget() call.' in /home/myapp/framework/web/CBaseController.php:101
Stack trace:
#0 /home/myapp/framework/web/CController.php(784): CBaseController->renderFile('/home/myapp/pie...', Array, true)
#1 /home/myapp/piebridge/protected/modules/pop/controllers/DefaultController.php(11): CController->render('index', Array)
#2 /home/myapp/framework/web/actions/CInlineAction.php(49): DefaultController->actionIndex()
#3 /home/myapp/framework/web/CController.php(308): CInlineAction->runWithParams(Array)
#4 /home/myapp/framework/web/CController.php(286): CController->runAction(Object(CInlineAction))
#5 /home/myapp/framework/web/CController.php(265): CController->runActionWithFilters(Object(CInlineAction), Array)
#6 /home/myapp/framework/web/CWebApplication.php(282): CController->run('')
#7 /home/myapp/framework/web/CWebApplication.php(141): CWebApplication->runController('pop')
#8 /home/myapp/framework/base/CApplication.php(180): CWebApplication->processRequest()
#9 /home/myapp/piebridge/index.php(40): CApplication->run()
#10 {main}
REQUEST_URI=/?r=pop
---
2014/07/29 20:02:32 [error] [exception.CException] exception 'CException' with message 'DefaultController contains improperly nested widget tags in its view "/home/myapp/piebridge/protected/views//layouts/column1.php". A CContentDecorator widget does not have an endWidget() call.' in /home/myapp/framework/web/CBaseController.php:101
Stack trace:
#0 /home/myapp/framework/web/CController.php(784): CBaseController->renderFile('/home/myapp/pie...', Array, true)
#1 /home/myapp/piebridge/protected/modules/pop/controllers/DefaultController.php(11): CController->render('index', Array)
#2 /home/myapp/framework/web/actions/CInlineAction.php(49): DefaultController->actionIndex()
#3 /home/myapp/framework/web/CController.php(308): CInlineAction->runWithParams(Array)
#4 /home/myapp/framework/web/CController.php(286): CController->runAction(Object(CInlineAction))
#5 /home/myapp/framework/web/CController.php(265): CController->runActionWithFilters(Object(CInlineAction), Array)
#6 /home/myapp/framework/web/CWebApplication.php(282): CController->run('')
#7 /home/myapp/framework/web/CWebApplication.php(141): CWebApplication->runController('pop')
#8 /home/myapp/framework/base/CApplication.php(180): CWebApplication->processRequest()
#9 /home/myapp/piebridge/index.php(40): CApplication->run()
#10 {main}
REQUEST_URI=/?r=pop
---
2014/07/29 20:02:32 [error] [exception.CException] exception 'CException' with message 'DefaultController contains improperly nested widget tags in its view "/home/myapp/piebridge/protected/views//layouts/column1.php". A CContentDecorator widget does not have an endWidget() call.' in /home/myapp/framework/web/CBaseController.php:101
Stack trace:
#0 /home/myapp/framework/web/CController.php(784): CBaseController->renderFile('/home/myapp/pie...', Array, true)
#1 /home/myapp/piebridge/protected/modules/pop/controllers/DefaultController.php(11): CController->render('index', Array)
#2 /home/myapp/framework/web/actions/CInlineAction.php(49): DefaultController->actionIndex()
#3 /home/myapp/framework/web/CController.php(308): CInlineAction->runWithParams(Array)
#4 /home/myapp/framework/web/CController.php(286): CController->runAction(Object(CInlineAction))
#5 /home/myapp/framework/web/CController.php(265): CController->runActionWithFilters(Object(CInlineAction), Array)
#6 /home/myapp/framework/web/CWebApplication.php(282): CController->run('')
#7 /home/myapp/framework/web/CWebApplication.php(141): CWebApplication->runController('pop')
#8 /home/myapp/framework/base/CApplication.php(180): CWebApplication->processRequest()
#9 /home/myapp/piebridge/index.php(40): CApplication->run()
#10 {main}
REQUEST_URI=/?r=pop
---
2014/07/29 20:02:32 [error] [exception.CException] exception 'CException' with message 'DefaultController contains improperly nested widget tags in its view "/home/myapp/piebridge/protected/views//layouts/column1.php". A CContentDecorator widget does not have an endWidget() call.' in /home/myapp/framework/web/CBaseController.php:101
Stack trace:
#0 /home/myapp/framework/web/CController.php(784): CBaseController->renderFile('/home/myapp/pie...', Array, true)
#1 /home/myapp/piebridge/protected/modules/pop/controllers/DefaultController.php(11): CController->render('index', Array)
#2 /home/myapp/framework/web/actions/CInlineAction.php(49): DefaultController->actionIndex()
#3 /home/myapp/framework/web/CController.php(308): CInlineAction->runWithParams(Array)
#4 /home/myapp/framework/web/CController.php(286): CController->runAction(Object(CInlineAction))
#5 /home/myapp/framework/web/CController.php(265): CController->runActionWithFilters(Object(CInlineAction), Array)
#6 /home/myapp/framework/web/CWebApplication.php(282): CController->run('')
#7 /home/myapp/framework/web/CWebApplication.php(141): CWebApplication->runController('pop')
#8 /home/myapp/framework/base/CApplication.php(180): CWebApplication->processRequest()
#9 /home/myapp/piebridge/index.php(40): CApplication->run()
#10 {main}
REQUEST_URI=/?r=pop
---
2014/07/29 20:02:32 [error] [exception.CException] exception 'CException' with message 'DefaultController contains improperly nested widget tags in its view "/home/myapp/piebridge/protected/views//layouts/column1.php". A CContentDecorator widget does not have an endWidget() call.' in /home/myapp/framework/web/CBaseController.php:101
Stack trace:
#0 /home/myapp/framework/web/CController.php(784): CBaseController->renderFile('/home/myapp/pie...', Array, true)
#1 /home/myapp/piebridge/protected/modules/pop/controllers/DefaultController.php(11): CController->render('index', Array)
#2 /home/myapp/framework/web/actions/CInlineAction.php(49): DefaultController->actionIndex()
#3 /home/myapp/framework/web/CController.php(308): CInlineAction->runWithParams(Array)
#4 /home/myapp/framework/web/CController.php(286): CController->runAction(Object(CInlineAction))
#5 /home/myapp/framework/web/CController.php(265): CController->runActionWithFilters(Object(CInlineAction), Array)
#6 /home/myapp/framework/web/CWebApplication.php(282): CController->run('')
#7 /home/myapp/framework/web/CWebApplication.php(141): CWebApplication->runController('pop')
#8 /home/myapp/framework/base/CApplication.php(180): CWebApplication->processRequest()
#9 /home/myapp/piebridge/index.php(40): CApplication->run()
#10 {main}
REQUEST_URI=/?r=pop
---
2014/07/30 16:59:16 [error] [exception.CException] exception 'CException' with message 'Property "CWebApplication.smarty" is not defined.' in /home/myapp/framework/base/CComponent.php:130
Stack trace:
#0 /home/myapp/framework/base/CModule.php(105): CComponent->__get('smarty')
#1 /home/myapp/piebridge/protected/components/Controller.php(29): CModule->__get('smarty')
#2 /home/myapp/piebridge/protected/modules/pop/controllers/DefaultController.php(15): Controller->assign(NULL, NULL)
#3 /home/myapp/framework/web/actions/CInlineAction.php(49): DefaultController->actionIndex()
#4 /home/myapp/framework/web/CController.php(308): CInlineAction->runWithParams(Array)
#5 /home/myapp/framework/web/CController.php(286): CController->runAction(Object(CInlineAction))
#6 /home/myapp/framework/web/CController.php(265): CController->runActionWithFilters(Object(CInlineAction), Array)
#7 /home/myapp/framework/web/CWebApplication.php(282): CController->run('')
#8 /home/myapp/framework/web/CWebApplication.php(141): CWebApplication->runController('pop')
#9 /home/myapp/framework/base/CApplication.php(180): CWebApplication->processRequest()
#10 /home/myapp/piebridge/index.php(40): CApplication->run()
#11 {main}
REQUEST_URI=/?r=pop
---
2014/07/30 17:27:31 [error] [exception.CException] exception 'CException' with message 'Alias "application.extensions.CSmarty" is invalid. Make sure it points to an existing PHP file and the file is readable.' in /home/myapp/framework/YiiBase.php:322
Stack trace:
#0 /home/myapp/framework/YiiBase.php(196): YiiBase::import('application.ext...', true)
#1 /home/myapp/framework/base/CModule.php(386): YiiBase::createComponent(Array)
#2 /home/myapp/framework/base/CModule.php(103): CModule->getComponent('smarty')
#3 /home/myapp/piebridge/protected/components/Controller.php(29): CModule->__get('smarty')
#4 /home/myapp/piebridge/protected/modules/pop/controllers/DefaultController.php(15): Controller->assign(NULL, NULL)
#5 /home/myapp/framework/web/actions/CInlineAction.php(49): DefaultController->actionIndex()
#6 /home/myapp/framework/web/CController.php(308): CInlineAction->runWithParams(Array)
#7 /home/myapp/framework/web/CController.php(286): CController->runAction(Object(CInlineAction))
#8 /home/myapp/framework/web/CController.php(265): CController->runActionWithFilters(Object(CInlineAction), Array)
#9 /home/myapp/framework/web/CWebApplication.php(282): CController->run('')
#10 /home/myapp/framework/web/CWebApplication.php(141): CWebApplication->runController('pop')
#11 /home/myapp/framework/base/CApplication.php(180): CWebApplication->processRequest()
#12 /home/myapp/piebridge/index.php(40): CApplication->run()
#13 {main}
REQUEST_URI=/?r=pop
---
2014/07/30 17:33:44 [error] [exception.CException] exception 'CException' with message 'Alias "application.extensions.CSmarty" is invalid. Make sure it points to an existing PHP file and the file is readable.' in /home/myapp/framework/YiiBase.php:322
Stack trace:
#0 /home/myapp/framework/YiiBase.php(196): YiiBase::import('application.ext...', true)
#1 /home/myapp/framework/base/CModule.php(386): YiiBase::createComponent(Array)
#2 /home/myapp/framework/base/CModule.php(103): CModule->getComponent('smarty')
#3 /home/myapp/piebridge/protected/components/Controller.php(29): CModule->__get('smarty')
#4 /home/myapp/piebridge/protected/modules/pop/controllers/DefaultController.php(17): Controller->assign('key', 'qwe')
#5 /home/myapp/framework/web/actions/CInlineAction.php(49): DefaultController->actionIndex()
#6 /home/myapp/framework/web/CController.php(308): CInlineAction->runWithParams(Array)
#7 /home/myapp/framework/web/CController.php(286): CController->runAction(Object(CInlineAction))
#8 /home/myapp/framework/web/CController.php(265): CController->runActionWithFilters(Object(CInlineAction), Array)
#9 /home/myapp/framework/web/CWebApplication.php(282): CController->run('')
#10 /home/myapp/framework/web/CWebApplication.php(141): CWebApplication->runController('pop')
#11 /home/myapp/framework/base/CApplication.php(180): CWebApplication->processRequest()
#12 /home/myapp/piebridge/index.php(40): CApplication->run()
#13 {main}
REQUEST_URI=/?r=pop
---
2014/07/30 17:35:24 [error] [exception.CException] exception 'CException' with message 'Alias "application.extensions.CSmarty" is invalid. Make sure it points to an existing PHP file and the file is readable.' in /home/myapp/framework/YiiBase.php:322
Stack trace:
#0 /home/myapp/framework/YiiBase.php(196): YiiBase::import('application.ext...', true)
#1 /home/myapp/framework/base/CModule.php(386): YiiBase::createComponent(Array)
#2 /home/myapp/framework/base/CModule.php(103): CModule->getComponent('smarty')
#3 /home/myapp/piebridge/protected/components/Controller.php(30): CModule->__get('smarty')
#4 /home/myapp/piebridge/protected/modules/pop/controllers/DefaultController.php(17): Controller->assign('key', 'qwe')
#5 /home/myapp/framework/web/actions/CInlineAction.php(49): DefaultController->actionIndex()
#6 /home/myapp/framework/web/CController.php(308): CInlineAction->runWithParams(Array)
#7 /home/myapp/framework/web/CController.php(286): CController->runAction(Object(CInlineAction))
#8 /home/myapp/framework/web/CController.php(265): CController->runActionWithFilters(Object(CInlineAction), Array)
#9 /home/myapp/framework/web/CWebApplication.php(282): CController->run('')
#10 /home/myapp/framework/web/CWebApplication.php(141): CWebApplication->runController('pop')
#11 /home/myapp/framework/base/CApplication.php(180): CWebApplication->processRequest()
#12 /home/myapp/piebridge/index.php(40): CApplication->run()
#13 {main}
REQUEST_URI=/?r=pop
---
2014/07/30 17:36:20 [error] [exception.CException] exception 'CException' with message 'Alias "application.extensions.CSmarty" is invalid. Make sure it points to an existing PHP file and the file is readable.' in /home/myapp/framework/YiiBase.php:322
Stack trace:
#0 /home/myapp/framework/YiiBase.php(196): YiiBase::import('application.ext...', true)
#1 /home/myapp/framework/base/CModule.php(386): YiiBase::createComponent(Array)
#2 /home/myapp/framework/base/CModule.php(103): CModule->getComponent('smarty')
#3 /home/myapp/piebridge/protected/components/Controller.php(29): CModule->__get('smarty')
#4 /home/myapp/piebridge/protected/modules/pop/controllers/DefaultController.php(17): Controller->assign('key', 'qwe')
#5 /home/myapp/framework/web/actions/CInlineAction.php(49): DefaultController->actionIndex()
#6 /home/myapp/framework/web/CController.php(308): CInlineAction->runWithParams(Array)
#7 /home/myapp/framework/web/CController.php(286): CController->runAction(Object(CInlineAction))
#8 /home/myapp/framework/web/CController.php(265): CController->runActionWithFilters(Object(CInlineAction), Array)
#9 /home/myapp/framework/web/CWebApplication.php(282): CController->run('')
#10 /home/myapp/framework/web/CWebApplication.php(141): CWebApplication->runController('pop')
#11 /home/myapp/framework/base/CApplication.php(180): CWebApplication->processRequest()
#12 /home/myapp/piebridge/index.php(40): CApplication->run()
#13 {main}
REQUEST_URI=/?r=pop
---
2014/07/30 17:36:57 [error] [exception.CException] exception 'CException' with message 'Alias "application.extensions.CSmarty" is invalid. Make sure it points to an existing PHP file and the file is readable.' in /home/myapp/framework/YiiBase.php:322
Stack trace:
#0 /home/myapp/framework/YiiBase.php(196): YiiBase::import('application.ext...', true)
#1 /home/myapp/framework/base/CModule.php(386): YiiBase::createComponent(Array)
#2 /home/myapp/framework/base/CModule.php(103): CModule->getComponent('smarty')
#3 /home/myapp/piebridge/protected/components/Controller.php(29): CModule->__get('smarty')
#4 /home/myapp/piebridge/protected/modules/pop/controllers/DefaultController.php(17): Controller->assign('key', 'qwe')
#5 /home/myapp/framework/web/actions/CInlineAction.php(49): DefaultController->actionIndex()
#6 /home/myapp/framework/web/CController.php(308): CInlineAction->runWithParams(Array)
#7 /home/myapp/framework/web/CController.php(286): CController->runAction(Object(CInlineAction))
#8 /home/myapp/framework/web/CController.php(265): CController->runActionWithFilters(Object(CInlineAction), Array)
#9 /home/myapp/framework/web/CWebApplication.php(282): CController->run('')
#10 /home/myapp/framework/web/CWebApplication.php(141): CWebApplication->runController('pop')
#11 /home/myapp/framework/base/CApplication.php(180): CWebApplication->processRequest()
#12 /home/myapp/piebridge/index.php(40): CApplication->run()
#13 {main}
REQUEST_URI=/?r=pop
---
2014/07/30 17:40:28 [error] [exception.CException] exception 'CException' with message 'Alias "application.extensions.CSmarty" is invalid. Make sure it points to an existing PHP file and the file is readable.' in /home/myapp/framework/YiiBase.php:322
Stack trace:
#0 /home/myapp/framework/YiiBase.php(196): YiiBase::import('application.ext...', true)
#1 /home/myapp/framework/base/CModule.php(386): YiiBase::createComponent(Array)
#2 /home/myapp/framework/base/CModule.php(103): CModule->getComponent('smarty')
#3 /home/myapp/piebridge/protected/components/Controller.php(29): CModule->__get('smarty')
#4 /home/myapp/piebridge/protected/modules/pop/controllers/DefaultController.php(17): Controller->assign('key', 'qwe')
#5 /home/myapp/framework/web/actions/CInlineAction.php(49): DefaultController->actionIndex()
#6 /home/myapp/framework/web/CController.php(308): CInlineAction->runWithParams(Array)
#7 /home/myapp/framework/web/CController.php(286): CController->runAction(Object(CInlineAction))
#8 /home/myapp/framework/web/CController.php(265): CController->runActionWithFilters(Object(CInlineAction), Array)
#9 /home/myapp/framework/web/CWebApplication.php(282): CController->run('')
#10 /home/myapp/framework/web/CWebApplication.php(141): CWebApplication->runController('pop')
#11 /home/myapp/framework/base/CApplication.php(180): CWebApplication->processRequest()
#12 /home/myapp/piebridge/index.php(40): CApplication->run()
#13 {main}
REQUEST_URI=/?r=pop
---
2014/07/30 17:40:50 [error] [exception.CException] exception 'CException' with message 'Alias "application.extensions.CSmarty" is invalid. Make sure it points to an existing PHP file and the file is readable.' in /home/myapp/framework/YiiBase.php:322
Stack trace:
#0 /home/myapp/framework/YiiBase.php(196): YiiBase::import('application.ext...', true)
#1 /home/myapp/framework/base/CModule.php(386): YiiBase::createComponent(Array)
#2 /home/myapp/framework/base/CModule.php(103): CModule->getComponent('smarty')
#3 /home/myapp/piebridge/protected/components/Controller.php(29): CModule->__get('smarty')
#4 /home/myapp/piebridge/protected/modules/pop/controllers/DefaultController.php(17): Controller->assign('key', 'qwe')
#5 /home/myapp/framework/web/actions/CInlineAction.php(49): DefaultController->actionIndex()
#6 /home/myapp/framework/web/CController.php(308): CInlineAction->runWithParams(Array)
#7 /home/myapp/framework/web/CController.php(286): CController->runAction(Object(CInlineAction))
#8 /home/myapp/framework/web/CController.php(265): CController->runActionWithFilters(Object(CInlineAction), Array)
#9 /home/myapp/framework/web/CWebApplication.php(282): CController->run('')
#10 /home/myapp/framework/web/CWebApplication.php(141): CWebApplication->runController('pop')
#11 /home/myapp/framework/base/CApplication.php(180): CWebApplication->processRequest()
#12 /home/myapp/piebridge/index.php(40): CApplication->run()
#13 {main}
REQUEST_URI=/?r=pop
---
2014/07/30 17:42:30 [error] [exception.CException] exception 'CException' with message 'Alias "application.extensions.CSmarty" is invalid. Make sure it points to an existing PHP file and the file is readable.' in /home/myapp/framework/YiiBase.php:322
Stack trace:
#0 /home/myapp/piebridge/protected/modules/pop/controllers/DefaultController.php(10): YiiBase::import('application.ext...', true)
#1 /home/myapp/framework/web/actions/CInlineAction.php(49): DefaultController->actionIndex()
#2 /home/myapp/framework/web/CController.php(308): CInlineAction->runWithParams(Array)
#3 /home/myapp/framework/web/CController.php(286): CController->runAction(Object(CInlineAction))
#4 /home/myapp/framework/web/CController.php(265): CController->runActionWithFilters(Object(CInlineAction), Array)
#5 /home/myapp/framework/web/CWebApplication.php(282): CController->run('')
#6 /home/myapp/framework/web/CWebApplication.php(141): CWebApplication->runController('pop')
#7 /home/myapp/framework/base/CApplication.php(180): CWebApplication->processRequest()
#8 /home/myapp/piebridge/index.php(40): CApplication->run()
#9 {main}
REQUEST_URI=/?r=pop
---
2014/07/30 17:56:02 [error] [exception.SmartyException]  --> Smarty: Unable to load template file '../views/index.tpl' <-- 
REQUEST_URI=/?r=pop
---
2014/07/30 17:57:50 [error] [exception.SmartyException]  --> Smarty: Unable to load template file '/home/myapp/piebridge/protected/modules/pop/views/index.tpl' <-- 
REQUEST_URI=/?r=pop
---
2014/07/30 17:58:39 [error] [exception.SmartyException]  --> Smarty: unable to write file /home/myapp/runtime//tpl_c/wrt53d8c1cfd91909_40090821 <-- 
REQUEST_URI=/?r=pop
---
2014/07/30 17:59:57 [error] [exception.SmartyException]  --> Smarty: unable to write file /home/myapp/runtime/tpl_c/wrt53d8c21d1a7007_25689484 <-- 
REQUEST_URI=/?r=pop
---
2014/07/30 18:00:11 [error] [exception.SmartyException]  --> Smarty: unable to write file /home/myapp/runtime/tpl_c/wrt53d8c22bbe0149_28565157 <-- 
REQUEST_URI=/?r=pop
---
2014/07/30 18:17:39 [error] [exception.CException] exception 'CException' with message 'Property "DefaultController.basepath" is not defined.' in /home/myapp/framework/base/CComponent.php:130
Stack trace:
#0 /home/myapp/piebridge/protected/modules/pop/controllers/DefaultController.php(12): CComponent->__get('basepath')
#1 /home/myapp/framework/web/actions/CInlineAction.php(49): DefaultController->actionIndex()
#2 /home/myapp/framework/web/CController.php(308): CInlineAction->runWithParams(Array)
#3 /home/myapp/framework/web/CController.php(286): CController->runAction(Object(CInlineAction))
#4 /home/myapp/framework/web/CController.php(265): CController->runActionWithFilters(Object(CInlineAction), Array)
#5 /home/myapp/framework/web/CWebApplication.php(282): CController->run('')
#6 /home/myapp/framework/web/CWebApplication.php(141): CWebApplication->runController('pop')
#7 /home/myapp/framework/base/CApplication.php(180): CWebApplication->processRequest()
#8 /home/myapp/piebridge/index.php(40): CApplication->run()
#9 {main}
REQUEST_URI=/?r=pop
---
2014/07/30 18:19:02 [error] [exception.CException] exception 'CException' with message 'Property "DefaultController.basePath" is not defined.' in /home/myapp/framework/base/CComponent.php:130
Stack trace:
#0 /home/myapp/piebridge/protected/modules/pop/controllers/DefaultController.php(12): CComponent->__get('basePath')
#1 /home/myapp/framework/web/actions/CInlineAction.php(49): DefaultController->actionIndex()
#2 /home/myapp/framework/web/CController.php(308): CInlineAction->runWithParams(Array)
#3 /home/myapp/framework/web/CController.php(286): CController->runAction(Object(CInlineAction))
#4 /home/myapp/framework/web/CController.php(265): CController->runActionWithFilters(Object(CInlineAction), Array)
#5 /home/myapp/framework/web/CWebApplication.php(282): CController->run('')
#6 /home/myapp/framework/web/CWebApplication.php(141): CWebApplication->runController('pop')
#7 /home/myapp/framework/base/CApplication.php(180): CWebApplication->processRequest()
#8 /home/myapp/piebridge/index.php(40): CApplication->run()
#9 {main}
REQUEST_URI=/?r=pop
---
2014/07/30 18:26:52 [error] [exception.SmartyException]  --> Smarty: Missing template name <-- 
REQUEST_URI=/?r=pop
---
2014/07/30 18:29:03 [error] [exception.SmartyException]  --> Smarty: Unable to load template file '/home/myapp/piebridge/protected/modules/pop/view/default/index.tpl' <-- 
REQUEST_URI=/?r=pop
---
